c:\users\seo\desktop\stl\stl\release\vc140.pdb
c:\users\seo\desktop\stl_2015182050\stl_2015182050\stl_2015182050\[월목 2015182050 서한울]\stl\release\vc140.pdb
c:\users\seo\desktop\stl_2015182050\stl_2015182050\stl_2015182050\[월목 2015182050 서한울]\stl\release\tetrismain.obj
c:\users\seo\desktop\stl_2015182050\stl_2015182050\stl_2015182050\[월목 2015182050 서한울]\stl\release\scorelevelcontrol.obj
c:\users\seo\desktop\stl_2015182050\stl_2015182050\stl_2015182050\[월목 2015182050 서한울]\stl\release\keycurcontrol.obj
c:\users\seo\desktop\stl_2015182050\stl_2015182050\stl_2015182050\[월목 2015182050 서한울]\stl\release\interfacecontrol.obj
c:\users\seo\desktop\stl_2015182050\stl_2015182050\stl_2015182050\[월목 2015182050 서한울]\stl\release\blockstagecontrol.obj
c:\users\seo\desktop\stl\release\stl.exe
c:\users\seo\desktop\stl\release\stl.ipdb
c:\users\seo\desktop\stl\release\stl.iobj
c:\users\seo\desktop\stl\release\stl.pdb
c:\users\seo\desktop\stl_2015182050\stl_2015182050\stl_2015182050\[월목 2015182050 서한울]\release\stl.exe
c:\users\seo\desktop\stl_2015182050\stl_2015182050\stl_2015182050\[월목 2015182050 서한울]\release\stl.ipdb
c:\users\seo\desktop\stl_2015182050\stl_2015182050\stl_2015182050\[월목 2015182050 서한울]\release\stl.iobj
c:\users\seo\desktop\stl_2015182050\stl_2015182050\stl_2015182050\[월목 2015182050 서한울]\release\stl.pdb
c:\users\seo\desktop\stl_2015182050\stl_2015182050\stl_2015182050\[월목 2015182050 서한울]\stl\release\stl.tlog\cl.command.1.tlog
c:\users\seo\desktop\stl_2015182050\stl_2015182050\stl_2015182050\[월목 2015182050 서한울]\stl\release\stl.tlog\cl.read.1.tlog
c:\users\seo\desktop\stl_2015182050\stl_2015182050\stl_2015182050\[월목 2015182050 서한울]\stl\release\stl.tlog\cl.write.1.tlog
c:\users\seo\desktop\stl_2015182050\stl_2015182050\stl_2015182050\[월목 2015182050 서한울]\stl\release\stl.tlog\link.command.1.tlog
c:\users\seo\desktop\stl_2015182050\stl_2015182050\stl_2015182050\[월목 2015182050 서한울]\stl\release\stl.tlog\link.read.1.tlog
c:\users\seo\desktop\stl_2015182050\stl_2015182050\stl_2015182050\[월목 2015182050 서한울]\stl\release\stl.tlog\link.write.1.tlog
